c:\users\user\source\repos\tanks\tanks\release\vc142.pdb
c:\users\user\source\repos\tanks\tanks\release\pch.obj
c:\users\user\source\repos\tanks\tanks\release\timer.obj
c:\users\user\source\repos\tanks\tanks\release\source.obj
c:\users\user\source\repos\tanks\tanks\release\gameobject.obj
c:\users\user\source\repos\tanks\tanks\release\player.obj
c:\users\user\source\repos\tanks\tanks\release\game.obj
c:\users\user\source\repos\tanks\tanks\release\fire.obj
c:\users\user\source\repos\tanks\tanks\release\bricks.obj
c:\users\user\source\repos\tanks\tanks\release\wall.obj
c:\users\user\source\repos\tanks\tanks\release\bush.obj
c:\users\user\source\repos\tanks\release\tanks.exe
c:\users\user\source\repos\tanks\release\tanks.pdb
c:\users\user\source\repos\tanks\release\tanks.ipdb
c:\users\user\source\repos\tanks\release\tanks.iobj
c:\users\user\source\repos\tanks\tanks\release\tanks.tlog\cl.command.1.tlog
c:\users\user\source\repos\tanks\tanks\release\tanks.tlog\cl.read.1.tlog
c:\users\user\source\repos\tanks\tanks\release\tanks.tlog\cl.write.1.tlog
c:\users\user\source\repos\tanks\tanks\release\tanks.tlog\link.command.1.tlog
c:\users\user\source\repos\tanks\tanks\release\tanks.tlog\link.read.1.tlog
c:\users\user\source\repos\tanks\tanks\release\tanks.tlog\link.write.1.tlog
c:\users\user\source\repos\tanks\tanks\release\tanks.tlog\tanks.write.1u.tlog
