  Enemy.cpp
C:\Users\user\source\repos\Tanks\Tanks\Enemy.cpp(11,16): warning C4244: =: преобразование "double" в "float", возможна потеря данных
C:\Users\user\source\repos\Tanks\Tanks\Enemy.cpp(16,21): warning C4018: <: несоответствие типов со знаком и без знака
  Game.cpp
C:\Users\user\source\repos\Tanks\Tanks\Game.cpp(26,18): warning C4244: аргумент: преобразование "time_t" в "unsigned int", возможна потеря данных
C:\Users\user\source\repos\Tanks\Tanks\Game.cpp(41,22): warning C4018: <: несоответствие типов со знаком и без знака
C:\Users\user\source\repos\Tanks\Tanks\Game.cpp(76,28): warning C4244: аргумент: преобразование "int" в "float", возможна потеря данных
C:\Users\user\source\repos\Tanks\Tanks\Game.cpp(86,34): warning C4244: аргумент: преобразование "int" в "float", возможна потеря данных
C:\Users\user\source\repos\Tanks\Tanks\Game.cpp(86,31): warning C4244: аргумент: преобразование "int" в "float", возможна потеря данных
C:\Users\user\source\repos\Tanks\Tanks\Game.cpp(90,60): warning C4244: аргумент: преобразование "int" в "float", возможна потеря данных
C:\Users\user\source\repos\Tanks\Tanks\Game.cpp(90,40): warning C4244: аргумент: преобразование "int" в "float", возможна потеря данных
C:\Users\user\source\repos\Tanks\Tanks\Game.cpp(91,59): warning C4244: аргумент: преобразование "int" в "float", возможна потеря данных
C:\Users\user\source\repos\Tanks\Tanks\Game.cpp(91,40): warning C4244: аргумент: преобразование "int" в "float", возможна потеря данных
C:\Users\user\source\repos\Tanks\Tanks\Game.cpp(92,60): warning C4244: аргумент: преобразование "int" в "float", возможна потеря данных
C:\Users\user\source\repos\Tanks\Tanks\Game.cpp(92,40): warning C4244: аргумент: преобразование "int" в "float", возможна потеря данных
C:\Users\user\source\repos\Tanks\Tanks\Game.cpp(93,59): warning C4244: аргумент: преобразование "int" в "float", возможна потеря данных
C:\Users\user\source\repos\Tanks\Tanks\Game.cpp(93,40): warning C4244: аргумент: преобразование "int" в "float", возможна потеря данных
C:\Users\user\source\repos\Tanks\Tanks\Game.cpp(94,59): warning C4244: аргумент: преобразование "int" в "float", возможна потеря данных
C:\Users\user\source\repos\Tanks\Tanks\Game.cpp(94,40): warning C4244: аргумент: преобразование "int" в "float", возможна потеря данных
C:\Users\user\source\repos\Tanks\Tanks\Game.cpp(96,46): warning C4244: аргумент: преобразование "int" в "float", возможна потеря данных
C:\Users\user\source\repos\Tanks\Tanks\Game.cpp(97,46): warning C4244: аргумент: преобразование "int" в "float", возможна потеря данных
C:\Users\user\source\repos\Tanks\Tanks\Game.cpp(98,46): warning C4244: аргумент: преобразование "int" в "float", возможна потеря данных
C:\Users\user\source\repos\Tanks\Tanks\Game.cpp(99,46): warning C4244: аргумент: преобразование "int" в "float", возможна потеря данных
C:\Users\user\source\repos\Tanks\Tanks\Game.cpp(124,64): warning C4244: аргумент: преобразование "int" в "float", возможна потеря данных
C:\Users\user\source\repos\Tanks\Tanks\Game.cpp(124,44): warning C4244: аргумент: преобразование "int" в "float", возможна потеря данных
C:\Users\user\source\repos\Tanks\Tanks\Game.cpp(128,62): warning C4244: аргумент: преобразование "int" в "float", возможна потеря данных
C:\Users\user\source\repos\Tanks\Tanks\Game.cpp(128,42): warning C4244: аргумент: преобразование "int" в "float", возможна потеря данных
C:\Users\user\source\repos\Tanks\Tanks\Game.cpp(129,62): warning C4244: аргумент: преобразование "int" в "float", возможна потеря данных
C:\Users\user\source\repos\Tanks\Tanks\Game.cpp(129,42): warning C4244: аргумент: преобразование "int" в "float", возможна потеря данных
C:\Users\user\source\repos\Tanks\Tanks\Game.cpp(130,62): warning C4244: аргумент: преобразование "int" в "float", возможна потеря данных
C:\Users\user\source\repos\Tanks\Tanks\Game.cpp(130,42): warning C4244: аргумент: преобразование "int" в "float", возможна потеря данных
C:\Users\user\source\repos\Tanks\Tanks\Game.cpp(131,62): warning C4244: аргумент: преобразование "int" в "float", возможна потеря данных
C:\Users\user\source\repos\Tanks\Tanks\Game.cpp(131,42): warning C4244: аргумент: преобразование "int" в "float", возможна потеря данных
C:\Users\user\source\repos\Tanks\Tanks\Game.cpp(132,62): warning C4244: аргумент: преобразование "int" в "float", возможна потеря данных
C:\Users\user\source\repos\Tanks\Tanks\Game.cpp(132,42): warning C4244: аргумент: преобразование "int" в "float", возможна потеря данных
C:\Users\user\source\repos\Tanks\Tanks\Game.cpp(133,61): warning C4244: аргумент: преобразование "int" в "float", возможна потеря данных
C:\Users\user\source\repos\Tanks\Tanks\Game.cpp(133,42): warning C4244: аргумент: преобразование "int" в "float", возможна потеря данных
C:\Users\user\source\repos\Tanks\Tanks\Game.cpp(134,62): warning C4244: аргумент: преобразование "int" в "float", возможна потеря данных
C:\Users\user\source\repos\Tanks\Tanks\Game.cpp(134,42): warning C4244: аргумент: преобразование "int" в "float", возможна потеря данных
C:\Users\user\source\repos\Tanks\Tanks\Game.cpp(135,62): warning C4244: аргумент: преобразование "int" в "float", возможна потеря данных
C:\Users\user\source\repos\Tanks\Tanks\Game.cpp(135,42): warning C4244: аргумент: преобразование "int" в "float", возможна потеря данных
C:\Users\user\source\repos\Tanks\Tanks\Game.cpp(136,62): warning C4244: аргумент: преобразование "int" в "float", возможна потеря данных
C:\Users\user\source\repos\Tanks\Tanks\Game.cpp(136,42): warning C4244: аргумент: преобразование "int" в "float", возможна потеря данных
C:\Users\user\source\repos\Tanks\Tanks\Game.cpp(137,62): warning C4244: аргумент: преобразование "int" в "float", возможна потеря данных
C:\Users\user\source\repos\Tanks\Tanks\Game.cpp(137,42): warning C4244: аргумент: преобразование "int" в "float", возможна потеря данных
C:\Users\user\source\repos\Tanks\Tanks\Game.cpp(138,62): warning C4244: аргумент: преобразование "int" в "float", возможна потеря данных
C:\Users\user\source\repos\Tanks\Tanks\Game.cpp(138,42): warning C4244: аргумент: преобразование "int" в "float", возможна потеря данных
C:\Users\user\source\repos\Tanks\Tanks\Game.cpp(139,61): warning C4244: аргумент: преобразование "int" в "float", возможна потеря данных
C:\Users\user\source\repos\Tanks\Tanks\Game.cpp(139,42): warning C4244: аргумент: преобразование "int" в "float", возможна потеря данных
C:\Users\user\source\repos\Tanks\Tanks\Game.cpp(140,62): warning C4244: аргумент: преобразование "int" в "float", возможна потеря данных
C:\Users\user\source\repos\Tanks\Tanks\Game.cpp(140,42): warning C4244: аргумент: преобразование "int" в "float", возможна потеря данных
C:\Users\user\source\repos\Tanks\Tanks\Game.cpp(141,62): warning C4244: аргумент: преобразование "int" в "float", возможна потеря данных
C:\Users\user\source\repos\Tanks\Tanks\Game.cpp(141,42): warning C4244: аргумент: преобразование "int" в "float", возможна потеря данных
C:\Users\user\source\repos\Tanks\Tanks\Game.cpp(142,62): warning C4244: аргумент: преобразование "int" в "float", возможна потеря данных
C:\Users\user\source\repos\Tanks\Tanks\Game.cpp(142,42): warning C4244: аргумент: преобразование "int" в "float", возможна потеря данных
C:\Users\user\source\repos\Tanks\Tanks\Game.cpp(143,62): warning C4244: аргумент: преобразование "int" в "float", возможна потеря данных
C:\Users\user\source\repos\Tanks\Tanks\Game.cpp(143,42): warning C4244: аргумент: преобразование "int" в "float", возможна потеря данных
C:\Users\user\source\repos\Tanks\Tanks\Game.cpp(144,62): warning C4244: аргумент: преобразование "int" в "float", возможна потеря данных
C:\Users\user\source\repos\Tanks\Tanks\Game.cpp(144,42): warning C4244: аргумент: преобразование "int" в "float", возможна потеря данных
C:\Users\user\source\repos\Tanks\Tanks\Game.cpp(145,61): warning C4244: аргумент: преобразование "int" в "float", возможна потеря данных
C:\Users\user\source\repos\Tanks\Tanks\Game.cpp(145,42): warning C4244: аргумент: преобразование "int" в "float", возможна потеря данных
C:\Users\user\source\repos\Tanks\Tanks\Game.cpp(149,32): warning C4244: аргумент: преобразование "int" в "float", возможна потеря данных
C:\Users\user\source\repos\Tanks\Tanks\Game.cpp(149,29): warning C4244: аргумент: преобразование "int" в "float", возможна потеря данных
C:\Users\user\source\repos\Tanks\Tanks\Game.cpp(157,64): warning C4244: аргумент: преобразование "int" в "float", возможна потеря данных
C:\Users\user\source\repos\Tanks\Tanks\Game.cpp(157,44): warning C4244: аргумент: преобразование "int" в "float", возможна потеря данных
C:\Users\user\source\repos\Tanks\Tanks\Game.cpp(158,63): warning C4244: аргумент: преобразование "int" в "float", возможна потеря данных
C:\Users\user\source\repos\Tanks\Tanks\Game.cpp(158,44): warning C4244: аргумент: преобразование "int" в "float", возможна потеря данных
C:\Users\user\source\repos\Tanks\Tanks\Game.cpp(159,58): warning C4244: аргумент: преобразование "int" в "float", возможна потеря данных
C:\Users\user\source\repos\Tanks\Tanks\Game.cpp(159,40): warning C4244: аргумент: преобразование "int" в "float", возможна потеря данных
C:\Users\user\source\repos\Tanks\Tanks\Game.cpp(160,64): warning C4244: аргумент: преобразование "int" в "float", возможна потеря данных
C:\Users\user\source\repos\Tanks\Tanks\Game.cpp(160,44): warning C4244: аргумент: преобразование "int" в "float", возможна потеря данных
C:\Users\user\source\repos\Tanks\Tanks\Game.cpp(161,61): warning C4244: аргумент: преобразование "int" в "float", возможна потеря данных
C:\Users\user\source\repos\Tanks\Tanks\Game.cpp(161,42): warning C4244: аргумент: преобразование "int" в "float", возможна потеря данных
C:\Users\user\source\repos\Tanks\Tanks\Game.cpp(162,58): warning C4244: аргумент: преобразование "int" в "float", возможна потеря данных
C:\Users\user\source\repos\Tanks\Tanks\Game.cpp(162,40): warning C4244: аргумент: преобразование "int" в "float", возможна потеря данных
C:\Users\user\source\repos\Tanks\Tanks\Game.cpp(187,21): warning C4018: <: несоответствие типов со знаком и без знака
C:\Users\user\source\repos\Tanks\Tanks\Game.cpp(188,26): warning C4018: <: несоответствие типов со знаком и без знака
C:\Users\user\source\repos\Tanks\Tanks\Game.cpp(206,34): warning C4018: <: несоответствие типов со знаком и без знака
C:\Users\user\source\repos\Tanks\Tanks\Game.cpp(215,29): warning C4244: =: преобразование "unsigned int" в "float", возможна потеря данных
C:\Users\user\source\repos\Tanks\Tanks\Game.cpp(222,14): warning C4244: инициализация: преобразование "float" в "int", возможна потеря данных
C:\Users\user\source\repos\Tanks\Tanks\Game.cpp(222,36): warning C4018: <: несоответствие типов со знаком и без знака
C:\Users\user\source\repos\Tanks\Tanks\Game.cpp(225,28): warning C4244: аргумент: преобразование "float" в "const int", возможна потеря данных
  Source.cpp
  Создание кода
  7 of 414 functions ( 1.7%) were compiled, the rest were copied from previous compilation.
    0 functions were new in current compilation
    1 functions had inline decision re-evaluated but remain unchanged
  Создание кода завершено
  Tanks.vcxproj -> C:\Users\user\source\repos\Tanks\Release\Tanks.exe
