  Computer.cpp
C:\Users\user\source\repos\Tanks\Tanks\Computer.cpp(5,20): error C2653: Computer: не является именем класса или пространства имен
C:\Users\user\source\repos\Tanks\Tanks\Computer.cpp(5,45): error C4430: отсутствует спецификатор типа - предполагается int. Примечание. C++ не поддерживает int по умолчанию
C:\Users\user\source\repos\Tanks\Tanks\Computer.cpp(5,68): error C2550: tanks::Computer: список инициализации конструктора должен использоваться только в месте определения конструктора
C:\Users\user\source\repos\Tanks\Tanks\Computer.cpp(6,3): error C2065: rightTimer: необъявленный идентификатор
C:\Users\user\source\repos\Tanks\Tanks\Computer.cpp(7,2): warning C4508: tanks::Computer: функция должна возвращать значение; предполагается возвращаемый тип "void"
C:\Users\user\source\repos\Tanks\Tanks\Computer.cpp(9,24): error C2653: Computer: не является именем класса или пространства имен
C:\Users\user\source\repos\Tanks\Tanks\Computer.cpp(10,37): error C2653: Game: не является именем класса или пространства имен
C:\Users\user\source\repos\Tanks\Tanks\Computer.cpp(10,29): error C2065: Instance: необъявленный идентификатор
C:\Users\user\source\repos\Tanks\Tanks\Computer.cpp(11,29): error C2653: Game: не является именем класса или пространства имен
C:\Users\user\source\repos\Tanks\Tanks\Computer.cpp(11,21): error C2065: Instance: необъявленный идентификатор
C:\Users\user\source\repos\Tanks\Tanks\Computer.cpp(12,7): error C3536: obj: не может использоваться до инициализации
C:\Users\user\source\repos\Tanks\Tanks\Computer.cpp(12,21): error C2065: enemy: необъявленный идентификатор
C:\Users\user\source\repos\Tanks\Tanks\Computer.cpp(13,9): error C2065: rightTimer: необъявленный идентификатор
C:\Users\user\source\repos\Tanks\Tanks\Computer.cpp(14,19): error C2065: x: необъявленный идентификатор
C:\Users\user\source\repos\Tanks\Tanks\Computer.cpp(14,37): error C2065: y: необъявленный идентификатор
C:\Users\user\source\repos\Tanks\Tanks\Computer.cpp(14,24): error C3861: abs: идентификатор не найден
C:\Users\user\source\repos\Tanks\Tanks\Computer.cpp(15,14): error C2065: right: необъявленный идентификатор
C:\Users\user\source\repos\Tanks\Tanks\Computer.cpp(15,7): error C3861: SetDir: идентификатор не найден
C:\Users\user\source\repos\Tanks\Tanks\Computer.cpp(16,7): error C3861: CreateFire: идентификатор не найден
C:\Users\user\source\repos\Tanks\Tanks\Computer.cpp(19,9): error C2065: leftTimer: необъявленный идентификатор
C:\Users\user\source\repos\Tanks\Tanks\Computer.cpp(20,19): error C2065: x: необъявленный идентификатор
C:\Users\user\source\repos\Tanks\Tanks\Computer.cpp(20,37): error C2065: y: необъявленный идентификатор
C:\Users\user\source\repos\Tanks\Tanks\Computer.cpp(20,24): error C3861: abs: идентификатор не найден
C:\Users\user\source\repos\Tanks\Tanks\Computer.cpp(21,14): error C2065: left: необъявленный идентификатор
C:\Users\user\source\repos\Tanks\Tanks\Computer.cpp(21,7): error C3861: SetDir: идентификатор не найден
C:\Users\user\source\repos\Tanks\Tanks\Computer.cpp(22,7): error C3861: CreateFire: идентификатор не найден
C:\Users\user\source\repos\Tanks\Tanks\Computer.cpp(28,7): error C2065: rightTimer: необъявленный идентификатор
C:\Users\user\source\repos\Tanks\Tanks\Computer.cpp(29,4): error C2065: rightTimer: необъявленный идентификатор
C:\Users\user\source\repos\Tanks\Tanks\Computer.cpp(31,7): error C2065: leftTimer: необъявленный идентификатор
C:\Users\user\source\repos\Tanks\Tanks\Computer.cpp(32,4): error C2065: leftTimer: необъявленный идентификатор
  Enemy.cpp
C:\Users\user\source\repos\Tanks\Tanks\Enemy.cpp(5,14): error C2653: Enemy: не является именем класса или пространства имен
C:\Users\user\source\repos\Tanks\Tanks\Enemy.cpp(5,43): error C4430: отсутствует спецификатор типа - предполагается int. Примечание. C++ не поддерживает int по умолчанию
C:\Users\user\source\repos\Tanks\Tanks\Enemy.cpp(5,63): error C2550: tanks::Enemy: список инициализации конструктора должен использоваться только в месте определения конструктора
C:\Users\user\source\repos\Tanks\Tanks\Enemy.cpp(6,3): error C2065: x: необъявленный идентификатор
C:\Users\user\source\repos\Tanks\Tanks\Enemy.cpp(7,3): error C2065: y: необъявленный идентификатор
C:\Users\user\source\repos\Tanks\Tanks\Enemy.cpp(8,3): error C2355: "this": может указываться только в нестатических членах-функциях или инициализаторах нестатических членов данных
C:\Users\user\source\repos\Tanks\Tanks\Enemy.cpp(8,16): error C2065: enemy: необъявленный идентификатор
C:\Users\user\source\repos\Tanks\Tanks\Enemy.cpp(9,3): error C2065: sprite: необъявленный идентификатор
C:\Users\user\source\repos\Tanks\Tanks\Enemy.cpp(9,22): error C2065: x: необъявленный идентификатор
C:\Users\user\source\repos\Tanks\Tanks\Enemy.cpp(9,25): error C2065: y: необъявленный идентификатор
C:\Users\user\source\repos\Tanks\Tanks\Enemy.cpp(10,22): error C2065: player: необъявленный идентификатор
C:\Users\user\source\repos\Tanks\Tanks\Enemy.cpp(10,3): error C3861: FindObjectATtypeOf: идентификатор не найден
C:\Users\user\source\repos\Tanks\Tanks\Enemy.cpp(11,3): error C2065: dir: необъявленный идентификатор
C:\Users\user\source\repos\Tanks\Tanks\Enemy.cpp(11,9): error C2065: up: необъявленный идентификатор
C:\Users\user\source\repos\Tanks\Tanks\Enemy.cpp(12,3): error C2065: speed: необъявленный идентификатор
C:\Users\user\source\repos\Tanks\Tanks\Enemy.cpp(12,39): error C2653: Game: не является именем класса или пространства имен
C:\Users\user\source\repos\Tanks\Tanks\Enemy.cpp(12,31): error C2065: Instance: необъявленный идентификатор
C:\Users\user\source\repos\Tanks\Tanks\Enemy.cpp(13,2): warning C4508: tanks::Enemy: функция должна возвращать значение; предполагается возвращаемый тип "void"
C:\Users\user\source\repos\Tanks\Tanks\Enemy.cpp(15,32): error C2653: Enemy: не является именем класса или пространства имен
C:\Users\user\source\repos\Tanks\Tanks\Enemy.cpp(15,33): error C2065: Type: необъявленный идентификатор
C:\Users\user\source\repos\Tanks\Tanks\Enemy.cpp(15,38): error C2146: синтаксическая ошибка: отсутствие ")" перед идентификатором "type"
C:\Users\user\source\repos\Tanks\Tanks\Enemy.cpp(16,2): error C2143: синтаксическая ошибка: отсутствие ";" перед "{"
C:\Users\user\source\repos\Tanks\Tanks\Enemy.cpp(16,2): error C2447: {: отсутствует заголовок функции (возможно, используется формальный список старого типа)
C:\Users\user\source\repos\Tanks\Tanks\Enemy.cpp(24,20): error C2653: Enemy: не является именем класса или пространства имен
C:\Users\user\source\repos\Tanks\Tanks\Enemy.cpp(25,7): error C2065: targetTimer: необъявленный идентификатор
C:\Users\user\source\repos\Tanks\Tanks\Enemy.cpp(26,8): error C2065: target: необъявленный идентификатор
C:\Users\user\source\repos\Tanks\Tanks\Enemy.cpp(26,24): error C2065: player: необъявленный идентификатор
C:\Users\user\source\repos\Tanks\Tanks\Enemy.cpp(26,51): error C2065: head: необъявленный идентификатор
C:\Users\user\source\repos\Tanks\Tanks\Enemy.cpp(26,32): error C3861: FindObjectATtypeOf: идентификатор не найден
C:\Users\user\source\repos\Tanks\Tanks\Enemy.cpp(27,28): error C2065: player: необъявленный идентификатор
C:\Users\user\source\repos\Tanks\Tanks\Enemy.cpp(27,9): error C3861: FindObjectATtypeOf: идентификатор не найден
C:\Users\user\source\repos\Tanks\Tanks\Enemy.cpp(28,4): error C2065: targetTimer: необъявленный идентификатор
C:\Users\user\source\repos\Tanks\Tanks\Enemy.cpp(30,3): error C3861: logic: идентификатор не найден
C:\Users\user\source\repos\Tanks\Tanks\Enemy.cpp(31,3): error C3861: Draw: идентификатор не найден
C:\Users\user\source\repos\Tanks\Tanks\Enemy.cpp(34,14): error C2039: "Enemy": не является членом "tanks".
C:\Users\user\source\repos\Tanks\Tanks\Enemy.cpp(4): message : см. объявление "tanks"
C:\Users\user\source\repos\Tanks\Tanks\Enemy.cpp(34,14): error C3083: Enemy: символ слева от "::" должен представлять тип
C:\Users\user\source\repos\Tanks\Tanks\Enemy.cpp(34,21): error C2039: "logic": не является членом "tanks".
C:\Users\user\source\repos\Tanks\Tanks\Enemy.cpp(4): message : см. объявление "tanks"
C:\Users\user\source\repos\Tanks\Tanks\Enemy.cpp(36,3): error C3861: Move: идентификатор не найден
C:\Users\user\source\repos\Tanks\Tanks\Enemy.cpp(37,7): error C3861: rand: идентификатор не найден
C:\Users\user\source\repos\Tanks\Tanks\Enemy.cpp(37,6): error C2653: Game: не является именем класса или пространства имен
C:\Users\user\source\repos\Tanks\Tanks\Enemy.cpp(37,36): error C2065: Instance: необъявленный идентификатор
C:\Users\user\source\repos\Tanks\Tanks\Enemy.cpp(38,18): error C2653: Game: не является именем класса или пространства имен
C:\Users\user\source\repos\Tanks\Tanks\Enemy.cpp(38,10): error C2065: Instance: необъявленный идентификатор
C:\Users\user\source\repos\Tanks\Tanks\Enemy.cpp(38,42): error C2061: синтаксическая ошибка: идентификатор "Fire"
C:\Users\user\source\repos\Tanks\Tanks\Enemy.cpp(40,7): error C3861: rand: идентификатор не найден
C:\Users\user\source\repos\Tanks\Tanks\Enemy.cpp(40,6): error C2653: Game: не является именем класса или пространства имен
C:\Users\user\source\repos\Tanks\Tanks\Enemy.cpp(40,38): error C2065: Instance: необъявленный идентификатор
C:\Users\user\source\repos\Tanks\Tanks\Enemy.cpp(41,4): error C3861: ChangeDir: идентификатор не найден
C:\Users\user\source\repos\Tanks\Tanks\Enemy.cpp(45,23): error C2653: Enemy: не является именем класса или пространства имен
C:\Users\user\source\repos\Tanks\Tanks\Enemy.cpp(47,7): error C2065: dir: необъявленный идентификатор
C:\Users\user\source\repos\Tanks\Tanks\Enemy.cpp(47,14): error C2065: up: необъявленный идентификатор
C:\Users\user\source\repos\Tanks\Tanks\Enemy.cpp(47,20): error C2065: dir: необъявленный идентификатор
C:\Users\user\source\repos\Tanks\Tanks\Enemy.cpp(47,27): error C2065: down: необъявленный идентификатор
C:\Users\user\source\repos\Tanks\Tanks\Enemy.cpp(48,20): error C2065: x: необъявленный идентификатор
C:\Users\user\source\repos\Tanks\Tanks\Enemy.cpp(48,4): error C3861: ControlPosition: идентификатор не найден
C:\Users\user\source\repos\Tanks\Tanks\Enemy.cpp(49,7): error C2065: target: необъявленный идентификатор
C:\Users\user\source\repos\Tanks\Tanks\Enemy.cpp(49,19): error C2065: x: необъявленный идентификатор
C:\Users\user\source\repos\Tanks\Tanks\Enemy.cpp(50,5): error C3861: rand: идентификатор не найден
C:\Users\user\source\repos\Tanks\Tanks\Enemy.cpp(50,30): error C2065: left: необъявленный идентификатор
C:\Users\user\source\repos\Tanks\Tanks\Enemy.cpp(50,23): error C3861: SetDir: идентификатор не найден
C:\Users\user\source\repos\Tanks\Tanks\Enemy.cpp(50,45): error C2065: right: необъявленный идентификатор
C:\Users\user\source\repos\Tanks\Tanks\Enemy.cpp(50,38): error C3861: SetDir: идентификатор не найден
C:\Users\user\source\repos\Tanks\Tanks\Enemy.cpp(52,5): error C3861: rand: идентификатор не найден
C:\Users\user\source\repos\Tanks\Tanks\Enemy.cpp(52,30): error C2065: right: необъявленный идентификатор
C:\Users\user\source\repos\Tanks\Tanks\Enemy.cpp(52,23): error C3861: SetDir: идентификатор не найден
C:\Users\user\source\repos\Tanks\Tanks\Enemy.cpp(52,46): error C2065: left: необъявленный идентификатор
C:\Users\user\source\repos\Tanks\Tanks\Enemy.cpp(52,39): error C3861: SetDir: идентификатор не найден
C:\Users\user\source\repos\Tanks\Tanks\Enemy.cpp(55,20): error C2065: y: необъявленный идентификатор
C:\Users\user\source\repos\Tanks\Tanks\Enemy.cpp(55,4): error C3861: ControlPosition: идентификатор не найден
C:\Users\user\source\repos\Tanks\Tanks\Enemy.cpp(56,7): error C2065: target: необъявленный идентификатор
C:\Users\user\source\repos\Tanks\Tanks\Enemy.cpp(56,19): error C2065: y: необъявленный идентификатор
C:\Users\user\source\repos\Tanks\Tanks\Enemy.cpp(57,5): error C3861: rand: идентификатор не найден
C:\Users\user\source\repos\Tanks\Tanks\Enemy.cpp(57,30): error C2065: up: необъявленный идентификатор
C:\Users\user\source\repos\Tanks\Tanks\Enemy.cpp(57,23): error C3861: SetDir: идентификатор не найден
C:\Users\user\source\repos\Tanks\Tanks\Enemy.cpp(57,43): error C2065: down: необъявленный идентификатор
C:\Users\user\source\repos\Tanks\Tanks\Enemy.cpp(57,36): error C3861: SetDir: идентификатор не найден
C:\Users\user\source\repos\Tanks\Tanks\Enemy.cpp(59,5): error C3861: rand: идентификатор не найден
C:\Users\user\source\repos\Tanks\Tanks\Enemy.cpp(59,30): error C2065: down: необъявленный идентификатор
C:\Users\user\source\repos\Tanks\Tanks\Enemy.cpp(59,23): error C3861: SetDir: идентификатор не найден
C:\Users\user\source\repos\Tanks\Tanks\Enemy.cpp(59,45): error C2065: up: необъявленный идентификатор
C:\Users\user\source\repos\Tanks\Tanks\Enemy.cpp(59,38): error C3861: SetDir: идентификатор не найден
C:\Users\user\source\repos\Tanks\Tanks\Enemy.cpp(63,24): error C2653: Enemy: не является именем класса или пространства имен
C:\Users\user\source\repos\Tanks\Tanks\Enemy.cpp(63,25): error C2065: GameObject: необъявленный идентификатор
C:\Users\user\source\repos\Tanks\Tanks\Enemy.cpp(63,37): error C2065: obj: необъявленный идентификатор
C:\Users\user\source\repos\Tanks\Tanks\Enemy.cpp(63,40): error C2182: Interspect: недопустимое использование типа "void"
C:\Users\user\source\repos\Tanks\Tanks\Enemy.cpp(63,42): error C2448: tanks::Interspect: вероятно, инициализатор, использующий стиль функции, является определением функции
C:\Users\user\source\repos\Tanks\Tanks\Enemy.cpp(77,14): error C2039: "Enemy": не является членом "tanks".
C:\Users\user\source\repos\Tanks\Tanks\Enemy.cpp(4): message : см. объявление "tanks"
C:\Users\user\source\repos\Tanks\Tanks\Enemy.cpp(77,14): error C3083: Enemy: символ слева от "::" должен представлять тип
C:\Users\user\source\repos\Tanks\Tanks\Enemy.cpp(77,21): error C2039: "End": не является членом "tanks".
C:\Users\user\source\repos\Tanks\Tanks\Enemy.cpp(4): message : см. объявление "tanks"
C:\Users\user\source\repos\Tanks\Tanks\Enemy.cpp(79,7): error C2065: changeDirTimer: необъявленный идентификатор
C:\Users\user\source\repos\Tanks\Tanks\Enemy.cpp(81,4): error C2065: changeDirTimer: необъявленный идентификатор
  Player.cpp
C:\Users\user\source\repos\Tanks\Tanks\Player.cpp(5,16): error C2653: Player: не является именем класса или пространства имен
C:\Users\user\source\repos\Tanks\Tanks\Player.cpp(5,45): error C4430: отсутствует спецификатор типа - предполагается int. Примечание. C++ не поддерживает int по умолчанию
C:\Users\user\source\repos\Tanks\Tanks\Player.cpp(5,65): error C2550: tanks::Player: список инициализации конструктора должен использоваться только в месте определения конструктора
C:\Users\user\source\repos\Tanks\Tanks\Player.cpp(6,3): error C2065: x: необъявленный идентификатор
C:\Users\user\source\repos\Tanks\Tanks\Player.cpp(7,3): error C2065: y: необъявленный идентификатор
C:\Users\user\source\repos\Tanks\Tanks\Player.cpp(8,3): error C2065: sprite: необъявленный идентификатор
C:\Users\user\source\repos\Tanks\Tanks\Player.cpp(8,22): error C2065: x: необъявленный идентификатор
C:\Users\user\source\repos\Tanks\Tanks\Player.cpp(8,25): error C2065: y: необъявленный идентификатор
C:\Users\user\source\repos\Tanks\Tanks\Player.cpp(9,3): error C2065: type: необъявленный идентификатор
C:\Users\user\source\repos\Tanks\Tanks\Player.cpp(9,10): error C2065: player: необъявленный идентификатор
C:\Users\user\source\repos\Tanks\Tanks\Player.cpp(10,3): error C2065: dir: необъявленный идентификатор
C:\Users\user\source\repos\Tanks\Tanks\Player.cpp(10,9): error C2065: up: необъявленный идентификатор
C:\Users\user\source\repos\Tanks\Tanks\Player.cpp(11,3): error C2065: shootTimer: необъявленный идентификатор
C:\Users\user\source\repos\Tanks\Tanks\Player.cpp(11,25): error C2061: синтаксическая ошибка: идентификатор "Timer"
C:\Users\user\source\repos\Tanks\Tanks\Player.cpp(12,2): warning C4508: tanks::Player: функция должна возвращать значение; предполагается возвращаемый тип "void"
C:\Users\user\source\repos\Tanks\Tanks\Player.cpp(14,21): error C2653: Player: не является именем класса или пространства имен
C:\Users\user\source\repos\Tanks\Tanks\Player.cpp(15,3): error C3861: Control: идентификатор не найден
C:\Users\user\source\repos\Tanks\Tanks\Player.cpp(16,3): error C3861: Draw: идентификатор не найден
C:\Users\user\source\repos\Tanks\Tanks\Player.cpp(19,22): error C2653: Player: не является именем класса или пространства имен
C:\Users\user\source\repos\Tanks\Tanks\Player.cpp(21,6): error C2653: Keyboard: не является именем класса или пространства имен
C:\Users\user\source\repos\Tanks\Tanks\Player.cpp(21,40): error C2065: W: необъявленный идентификатор
C:\Users\user\source\repos\Tanks\Tanks\Player.cpp(21,17): error C3861: isKeyPressed: идентификатор не найден
C:\Users\user\source\repos\Tanks\Tanks\Player.cpp(22,11): error C2065: up: необъявленный идентификатор
C:\Users\user\source\repos\Tanks\Tanks\Player.cpp(22,4): error C3861: SetDir: идентификатор не найден
C:\Users\user\source\repos\Tanks\Tanks\Player.cpp(23,20): error C2065: x: необъявленный идентификатор
C:\Users\user\source\repos\Tanks\Tanks\Player.cpp(23,4): error C3861: ControlPosition: идентификатор не найден
C:\Users\user\source\repos\Tanks\Tanks\Player.cpp(24,4): error C3861: Move: идентификатор не найден
C:\Users\user\source\repos\Tanks\Tanks\Player.cpp(26,11): error C2653: Keyboard: не является именем класса или пространства имен
C:\Users\user\source\repos\Tanks\Tanks\Player.cpp(26,45): error C2065: D: необъявленный идентификатор
C:\Users\user\source\repos\Tanks\Tanks\Player.cpp(26,22): error C3861: isKeyPressed: идентификатор не найден
C:\Users\user\source\repos\Tanks\Tanks\Player.cpp(27,11): error C2065: right: необъявленный идентификатор
C:\Users\user\source\repos\Tanks\Tanks\Player.cpp(27,4): error C3861: SetDir: идентификатор не найден
C:\Users\user\source\repos\Tanks\Tanks\Player.cpp(28,20): error C2065: y: необъявленный идентификатор
C:\Users\user\source\repos\Tanks\Tanks\Player.cpp(28,4): error C3861: ControlPosition: идентификатор не найден
C:\Users\user\source\repos\Tanks\Tanks\Player.cpp(29,4): error C3861: Move: идентификатор не найден
C:\Users\user\source\repos\Tanks\Tanks\Player.cpp(31,11): error C2653: Keyboard: не является именем класса или пространства имен
C:\Users\user\source\repos\Tanks\Tanks\Player.cpp(31,45): error C2065: S: необъявленный идентификатор
C:\Users\user\source\repos\Tanks\Tanks\Player.cpp(31,22): error C3861: isKeyPressed: идентификатор не найден
C:\Users\user\source\repos\Tanks\Tanks\Player.cpp(32,11): error C2065: down: необъявленный идентификатор
C:\Users\user\source\repos\Tanks\Tanks\Player.cpp(32,4): error C3861: SetDir: идентификатор не найден
C:\Users\user\source\repos\Tanks\Tanks\Player.cpp(33,20): error C2065: x: необъявленный идентификатор
C:\Users\user\source\repos\Tanks\Tanks\Player.cpp(33,4): error C3861: ControlPosition: идентификатор не найден
C:\Users\user\source\repos\Tanks\Tanks\Player.cpp(34,4): error C3861: Move: идентификатор не найден
C:\Users\user\source\repos\Tanks\Tanks\Player.cpp(36,11): error C2653: Keyboard: не является именем класса или пространства имен
C:\Users\user\source\repos\Tanks\Tanks\Player.cpp(36,45): error C2065: A: необъявленный идентификатор
C:\Users\user\source\repos\Tanks\Tanks\Player.cpp(36,22): error C3861: isKeyPressed: идентификатор не найден
C:\Users\user\source\repos\Tanks\Tanks\Player.cpp(37,11): error C2065: left: необъявленный идентификатор
C:\Users\user\source\repos\Tanks\Tanks\Player.cpp(37,4): error C3861: SetDir: идентификатор не найден
C:\Users\user\source\repos\Tanks\Tanks\Player.cpp(38,20): error C2065: y: необъявленный идентификатор
C:\Users\user\source\repos\Tanks\Tanks\Player.cpp(38,4): error C3861: ControlPosition: идентификатор не найден
C:\Users\user\source\repos\Tanks\Tanks\Player.cpp(39,4): error C3861: Move: идентификатор не найден
C:\Users\user\source\repos\Tanks\Tanks\Player.cpp(41,7): error C2065: shootTimer: необъявленный идентификатор
C:\Users\user\source\repos\Tanks\Tanks\Player.cpp(42,7): error C2653: Keyboard: не является именем класса или пространства имен
C:\Users\user\source\repos\Tanks\Tanks\Player.cpp(42,41): error C2065: F: необъявленный идентификатор
C:\Users\user\source\repos\Tanks\Tanks\Player.cpp(42,18): error C3861: isKeyPressed: идентификатор не найден
C:\Users\user\source\repos\Tanks\Tanks\Player.cpp(43,5): error C3861: CreateFire: идентификатор не найден
C:\Users\user\source\repos\Tanks\Tanks\Player.cpp(44,5): error C2065: shootTimer: необъявленный идентификатор
C:\Users\user\source\repos\Tanks\Tanks\Player.cpp(49,25): error C2653: Player: не является именем класса или пространства имен
C:\Users\user\source\repos\Tanks\Tanks\Player.cpp(51,23): error C2061: синтаксическая ошибка: идентификатор "Fire"
C:\Users\user\source\repos\Tanks\Tanks\Player.cpp(52,17): error C2653: Game: не является именем класса или пространства имен
C:\Users\user\source\repos\Tanks\Tanks\Player.cpp(52,9): error C2065: Instance: необъявленный идентификатор
C:\Users\user\source\repos\Tanks\Tanks\Player.cpp(52,37): error C3536: fire: не может использоваться до инициализации
C:\Users\user\source\repos\Tanks\Tanks\Player.cpp(55,25): error C2653: Player: не является именем класса или пространства имен
C:\Users\user\source\repos\Tanks\Tanks\Player.cpp(55,26): error C2065: GameObject: необъявленный идентификатор
C:\Users\user\source\repos\Tanks\Tanks\Player.cpp(55,38): error C2065: obj: необъявленный идентификатор
C:\Users\user\source\repos\Tanks\Tanks\Player.cpp(55,41): error C2182: Interspect: недопустимое использование типа "void"
C:\Users\user\source\repos\Tanks\Tanks\Player.cpp(55,43): error C2448: tanks::Interspect: вероятно, инициализатор, использующий стиль функции, является определением функции
  Tank.cpp
C:\Users\user\source\repos\Tanks\Tanks\Tank.cpp(5,12): error C2653: Tank: не является именем класса или пространства имен
C:\Users\user\source\repos\Tanks\Tanks\Tank.cpp(5,13): error C2065: String: необъявленный идентификатор
C:\Users\user\source\repos\Tanks\Tanks\Tank.cpp(5,20): error C2146: синтаксическая ошибка: отсутствие ")" перед идентификатором "path"
C:\Users\user\source\repos\Tanks\Tanks\Tank.cpp(5,39): error C2065: path: необъявленный идентификатор
C:\Users\user\source\repos\Tanks\Tanks\Tank.cpp(5,43): error C4430: отсутствует спецификатор типа - предполагается int. Примечание. C++ не поддерживает int по умолчанию
C:\Users\user\source\repos\Tanks\Tanks\Tank.cpp(5,45): error C2448: tanks::GameObject: вероятно, инициализатор, использующий стиль функции, является определением функции
C:\Users\user\source\repos\Tanks\Tanks\Tank.cpp(9,17): error C2653: Tank: не является именем класса или пространства имен
C:\Users\user\source\repos\Tanks\Tanks\Tank.cpp(11,17): error C2065: sprite: необъявленный идентификатор
C:\Users\user\source\repos\Tanks\Tanks\Tank.cpp(12,18): error C2065: sprite: необъявленный идентификатор
C:\Users\user\source\repos\Tanks\Tanks\Tank.cpp(13,11): error C2065: dir: необъявленный идентификатор
C:\Users\user\source\repos\Tanks\Tanks\Tank.cpp(13,16): error C2050: значение выражения для варианта выбора не является целым
C:\Users\user\source\repos\Tanks\Tanks\Tank.cpp(14,8): error C2065: up: необъявленный идентификатор
C:\Users\user\source\repos\Tanks\Tanks\Tank.cpp(15,4): error C2065: sprite: необъявленный идентификатор
C:\Users\user\source\repos\Tanks\Tanks\Tank.cpp(15,23): error C2065: x: необъявленный идентификатор
C:\Users\user\source\repos\Tanks\Tanks\Tank.cpp(15,33): error C3536: dWidth: не может использоваться до инициализации
C:\Users\user\source\repos\Tanks\Tanks\Tank.cpp(15,35): error C2065: y: необъявленный идентификатор
C:\Users\user\source\repos\Tanks\Tanks\Tank.cpp(15,46): error C3536: dHeight: не может использоваться до инициализации
C:\Users\user\source\repos\Tanks\Tanks\Tank.cpp(17,8): error C2065: right: необъявленный идентификатор
C:\Users\user\source\repos\Tanks\Tanks\Tank.cpp(18,4): error C2065: sprite: необъявленный идентификатор
C:\Users\user\source\repos\Tanks\Tanks\Tank.cpp(18,23): error C2065: x: необъявленный идентификатор
C:\Users\user\source\repos\Tanks\Tanks\Tank.cpp(18,35): error C2065: y: необъявленный идентификатор
C:\Users\user\source\repos\Tanks\Tanks\Tank.cpp(20,8): error C2065: down: необъявленный идентификатор
C:\Users\user\source\repos\Tanks\Tanks\Tank.cpp(21,4): error C2065: sprite: необъявленный идентификатор
C:\Users\user\source\repos\Tanks\Tanks\Tank.cpp(21,23): error C2065: x: необъявленный идентификатор
C:\Users\user\source\repos\Tanks\Tanks\Tank.cpp(21,35): error C2065: y: необъявленный идентификатор
C:\Users\user\source\repos\Tanks\Tanks\Tank.cpp(23,8): error C2065: left: необъявленный идентификатор
C:\Users\user\source\repos\Tanks\Tanks\Tank.cpp(24,4): error C2065: sprite: необъявленный идентификатор
C:\Users\user\source\repos\Tanks\Tanks\Tank.cpp(24,23): error C2065: x: необъявленный идентификатор
C:\Users\user\source\repos\Tanks\Tanks\Tank.cpp(24,35): error C2065: y: необъявленный идентификатор
C:\Users\user\source\repos\Tanks\Tanks\Tank.cpp(14,2): error C2051: значение выражения для варианта выбора не является константой
C:\Users\user\source\repos\Tanks\Tanks\Tank.cpp(17,2): error C2051: значение выражения для варианта выбора не является константой
C:\Users\user\source\repos\Tanks\Tanks\Tank.cpp(20,2): error C2051: значение выражения для варианта выбора не является константой
C:\Users\user\source\repos\Tanks\Tanks\Tank.cpp(23,2): error C2051: значение выражения для варианта выбора не является константой
C:\Users\user\source\repos\Tanks\Tanks\Tank.cpp(26,3): warning C4060: оператор switch не содержит метку "case" или "default"
C:\Users\user\source\repos\Tanks\Tanks\Tank.cpp(29,14): error C2039: "Tank": не является членом "tanks".
C:\Users\user\source\repos\Tanks\Tanks\Tank.cpp(4): message : см. объявление "tanks"
C:\Users\user\source\repos\Tanks\Tanks\Tank.cpp(29,14): error C3083: Tank: символ слева от "::" должен представлять тип
C:\Users\user\source\repos\Tanks\Tanks\Tank.cpp(29,20): error C2039: "ControlPosition": не является членом "tanks".
C:\Users\user\source\repos\Tanks\Tanks\Tank.cpp(4): message : см. объявление "tanks"
C:\Users\user\source\repos\Tanks\Tanks\Tank.cpp(31,13): warning C4244: инициализация: преобразование "float" в "int", возможна потеря данных
C:\Users\user\source\repos\Tanks\Tanks\Tank.cpp(32,29): error C2653: Game: не является именем класса или пространства имен
C:\Users\user\source\repos\Tanks\Tanks\Tank.cpp(32,21): error C2065: Instance: необъявленный идентификатор
C:\Users\user\source\repos\Tanks\Tanks\Tank.cpp(33,30): error C3536: size: не может использоваться до инициализации
C:\Users\user\source\repos\Tanks\Tanks\Tank.cpp(34,67): warning C4244: =: преобразование "int" в "float", возможна потеря данных
C:\Users\user\source\repos\Tanks\Tanks\Tank.cpp(35,42): warning C4244: =: преобразование "int" в "float", возможна потеря данных
C:\Users\user\source\repos\Tanks\Tanks\Tank.cpp(38,17): error C2653: Tank: не является именем класса или пространства имен
C:\Users\user\source\repos\Tanks\Tanks\Tank.cpp(40,17): error C2065: sprite: необъявленный идентификатор
C:\Users\user\source\repos\Tanks\Tanks\Tank.cpp(41,18): error C2065: sprite: необъявленный идентификатор
C:\Users\user\source\repos\Tanks\Tanks\Tank.cpp(42,29): error C2653: Game: не является именем класса или пространства имен
C:\Users\user\source\repos\Tanks\Tanks\Tank.cpp(42,21): error C2065: Instance: необъявленный идентификатор
C:\Users\user\source\repos\Tanks\Tanks\Tank.cpp(42,53): error C3536: dHeight: не может использоваться до инициализации
C:\Users\user\source\repos\Tanks\Tanks\Tank.cpp(43,29): error C2653: Game: не является именем класса или пространства имен
C:\Users\user\source\repos\Tanks\Tanks\Tank.cpp(43,21): error C2065: Instance: необъявленный идентификатор
C:\Users\user\source\repos\Tanks\Tanks\Tank.cpp(43,51): error C3536: dWidth: не может использоваться до инициализации
C:\Users\user\source\repos\Tanks\Tanks\Tank.cpp(44,11): error C2065: dir: необъявленный идентификатор
C:\Users\user\source\repos\Tanks\Tanks\Tank.cpp(44,16): error C2050: значение выражения для варианта выбора не является целым
C:\Users\user\source\repos\Tanks\Tanks\Tank.cpp(45,8): error C2065: up: необъявленный идентификатор
C:\Users\user\source\repos\Tanks\Tanks\Tank.cpp(46,4): error C2065: y: необъявленный идентификатор
C:\Users\user\source\repos\Tanks\Tanks\Tank.cpp(46,23): error C2653: Game: не является именем класса или пространства имен
C:\Users\user\source\repos\Tanks\Tanks\Tank.cpp(46,15): error C2065: Instance: необъявленный идентификатор
C:\Users\user\source\repos\Tanks\Tanks\Tank.cpp(46,37): error C2065: speed: необъявленный идентификатор
C:\Users\user\source\repos\Tanks\Tanks\Tank.cpp(47,8): error C2065: y: необъявленный идентификатор
C:\Users\user\source\repos\Tanks\Tanks\Tank.cpp(48,5): error C2065: y: необъявленный идентификатор
C:\Users\user\source\repos\Tanks\Tanks\Tank.cpp(49,5): error C3861: End: идентификатор не найден
C:\Users\user\source\repos\Tanks\Tanks\Tank.cpp(52,8): error C2065: right: необъявленный идентификатор
C:\Users\user\source\repos\Tanks\Tanks\Tank.cpp(53,4): error C2065: x: необъявленный идентификатор
C:\Users\user\source\repos\Tanks\Tanks\Tank.cpp(53,23): error C2653: Game: не является именем класса или пространства имен
C:\Users\user\source\repos\Tanks\Tanks\Tank.cpp(53,15): error C2065: Instance: необъявленный идентификатор
C:\Users\user\source\repos\Tanks\Tanks\Tank.cpp(53,37): error C2065: speed: необъявленный идентификатор
C:\Users\user\source\repos\Tanks\Tanks\Tank.cpp(54,8): error C2065: x: необъявленный идентификатор
C:\Users\user\source\repos\Tanks\Tanks\Tank.cpp(54,16): error C3536: maxW: не может использоваться до инициализации
C:\Users\user\source\repos\Tanks\Tanks\Tank.cpp(55,5): error C2065: x: необъявленный идентификатор
C:\Users\user\source\repos\Tanks\Tanks\Tank.cpp(56,5): error C3861: End: идентификатор не найден
C:\Users\user\source\repos\Tanks\Tanks\Tank.cpp(59,8): error C2065: down: необъявленный идентификатор
C:\Users\user\source\repos\Tanks\Tanks\Tank.cpp(60,4): error C2065: y: необъявленный идентификатор
C:\Users\user\source\repos\Tanks\Tanks\Tank.cpp(60,23): error C2653: Game: не является именем класса или пространства имен
C:\Users\user\source\repos\Tanks\Tanks\Tank.cpp(60,15): error C2065: Instance: необъявленный идентификатор
C:\Users\user\source\repos\Tanks\Tanks\Tank.cpp(60,37): error C2065: speed: необъявленный идентификатор
C:\Users\user\source\repos\Tanks\Tanks\Tank.cpp(61,8): error C2065: y: необъявленный идентификатор
C:\Users\user\source\repos\Tanks\Tanks\Tank.cpp(61,16): error C3536: maxH: не может использоваться до инициализации
C:\Users\user\source\repos\Tanks\Tanks\Tank.cpp(62,5): error C2065: y: необъявленный идентификатор
C:\Users\user\source\repos\Tanks\Tanks\Tank.cpp(63,5): error C3861: End: идентификатор не найден
C:\Users\user\source\repos\Tanks\Tanks\Tank.cpp(66,8): error C2065: left: необъявленный идентификатор
C:\Users\user\source\repos\Tanks\Tanks\Tank.cpp(67,4): error C2065: x: необъявленный идентификатор
C:\Users\user\source\repos\Tanks\Tanks\Tank.cpp(67,23): error C2653: Game: не является именем класса или пространства имен
C:\Users\user\source\repos\Tanks\Tanks\Tank.cpp(67,15): error C2065: Instance: необъявленный идентификатор
C:\Users\user\source\repos\Tanks\Tanks\Tank.cpp(67,37): error C2065: speed: необъявленный идентификатор
C:\Users\user\source\repos\Tanks\Tanks\Tank.cpp(68,8): error C2065: x: необъявленный идентификатор
C:\Users\user\source\repos\Tanks\Tanks\Tank.cpp(69,5): error C2065: x: необъявленный идентификатор
C:\Users\user\source\repos\Tanks\Tanks\Tank.cpp(70,5): error C3861: End: идентификатор не найден
C:\Users\user\source\repos\Tanks\Tanks\Tank.cpp(45,2): error C2051: значение выражения для варианта выбора не является константой
C:\Users\user\source\repos\Tanks\Tanks\Tank.cpp(52,2): error C2051: значение выражения для варианта выбора не является константой
C:\Users\user\source\repos\Tanks\Tanks\Tank.cpp(59,2): error C2051: значение выражения для варианта выбора не является константой
C:\Users\user\source\repos\Tanks\Tanks\Tank.cpp(66,2): error C2051: значение выражения для варианта выбора не является константой
C:\Users\user\source\repos\Tanks\Tanks\Tank.cpp(73,3): warning C4060: оператор switch не содержит метку "case" или "default"
C:\Users\user\source\repos\Tanks\Tanks\Tank.cpp(76,19): error C2653: Tank: не является именем класса или пространства имен
C:\Users\user\source\repos\Tanks\Tanks\Tank.cpp(76,20): error C2065: Direction: необъявленный идентификатор
C:\Users\user\source\repos\Tanks\Tanks\Tank.cpp(76,30): error C2146: синтаксическая ошибка: отсутствие ")" перед идентификатором "newDir"
C:\Users\user\source\repos\Tanks\Tanks\Tank.cpp(77,2): error C2143: синтаксическая ошибка: отсутствие ";" перед "{"
C:\Users\user\source\repos\Tanks\Tanks\Tank.cpp(77,2): error C2447: {: отсутствует заголовок функции (возможно, используется формальный список старого типа)
C:\Users\user\source\repos\Tanks\Tanks\Tank.cpp(82,24): error C2653: Tank: не является именем класса или пространства имен
C:\Users\user\source\repos\Tanks\Tanks\Tank.cpp(84,11): error C2065: dir: необъявленный идентификатор
C:\Users\user\source\repos\Tanks\Tanks\Tank.cpp(84,16): error C2050: значение выражения для варианта выбора не является целым
C:\Users\user\source\repos\Tanks\Tanks\Tank.cpp(85,8): error C2065: up: необъявленный идентификатор
C:\Users\user\source\repos\Tanks\Tanks\Tank.cpp(86,4): error C2065: dir: необъявленный идентификатор
C:\Users\user\source\repos\Tanks\Tanks\Tank.cpp(86,10): error C2065: down: необъявленный идентификатор
C:\Users\user\source\repos\Tanks\Tanks\Tank.cpp(88,4): error C2065: dir: необъявленный идентификатор
C:\Users\user\source\repos\Tanks\Tanks\Tank.cpp(88,10): error C2065: up: необъявленный идентификатор
C:\Users\user\source\repos\Tanks\Tanks\Tank.cpp(91,8): error C2065: right: необъявленный идентификатор
C:\Users\user\source\repos\Tanks\Tanks\Tank.cpp(91,13): fatal error C1003: число ошибок превышает 100; остановка компиляции
  Function.cpp
